<?xml version="1.0" encoding="UTF-8"?>
<!-- Generated by org.testng.reporters.JUnitReportReporter -->
<testsuite skipped="0" hostname="Usha-QA" name="com.gitjenkinsprac.yahoo.YahooScraping" tests="4" failures="0" timestamp="30 Mar 2018 09:50:45 GMT" time="40.662" errors="0">
  <testcase name="openYahoo" time="23.504" classname="com.gitjenkinsprac.yahoo.YahooScraping"/>
  <testcase name="createWriter" time="0.026" classname="com.gitjenkinsprac.yahoo.YahooScraping"/>
  <testcase name="passTicker" time="13.667" classname="com.gitjenkinsprac.yahoo.YahooScraping"/>
  <testcase name="driverClose" time="3.465" classname="com.gitjenkinsprac.yahoo.YahooScraping"/>
</testsuite> <!-- com.gitjenkinsprac.yahoo.YahooScraping -->
