<?xml version="1.0" encoding="UTF-8"?>
<!-- Generated by org.testng.reporters.JUnitReportReporter -->
<testsuite skipped="0" hostname="Usha-QA" name="com.gitjenkinsprac.yahoo.Sample" tests="1" failures="0" timestamp="30 Mar 2018 07:34:39 GMT" time="0.009" errors="0">
  <testcase name="sampleMethod" time="0.009" classname="com.gitjenkinsprac.yahoo.Sample"/>
</testsuite> <!-- com.gitjenkinsprac.yahoo.Sample -->
